<?xml version="1.0" encoding="UTF-8"?>
<testsuite name="com.example.flightsearchapi.FlightSearchApiApplicationTests" tests="1" skipped="0" failures="0" errors="0" timestamp="2024-02-08T11:36:22" hostname="192.168.1.104" time="0.71">
  <properties/>
  <testcase name="contextLoads()" classname="com.example.flightsearchapi.FlightSearchApiApplicationTests" time="0.71"/>
  <system-out><![CDATA[14:36:17.816 [Test worker] INFO org.springframework.test.context.support.AnnotationConfigContextLoaderUtils -- Could not detect default configuration classes for test class [com.example.flightsearchapi.FlightSearchApiApplicationTests]: FlightSearchApiApplicationTests does not declare any static, non-private, non-final, nested classes annotated with @Configuration.
14:36:17.958 [Test worker] INFO org.springframework.boot.test.context.SpringBootTestContextBootstrapper -- Found @SpringBootConfiguration com.example.flightsearchapi.FlightSearchApiApplication for test class com.example.flightsearchapi.FlightSearchApiApplicationTests

  .   ____          _            __ _ _
 /\\ / ___'_ __ _ _(_)_ __  __ _ \ \ \ \
( ( )\___ | '_ | '_| | '_ \/ _` | \ \ \ \
 \\/  ___)| |_)| | | | | || (_| |  ) ) ) )
  '  |____| .__|_| |_|_| |_\__, | / / / /
 =========|_|==============|___/=/_/_/_/
 :: Spring Boot ::                (v3.2.2)

2024-02-08T14:36:18.327+03:00  INFO 57079 --- [    Test worker] c.e.f.FlightSearchApiApplicationTests    : Starting FlightSearchApiApplicationTests using Java 18.0.2.1 with PID 57079 (started by ezgiakkaya in /Users/ezgiakkaya/Downloads/flight-search-api)
2024-02-08T14:36:18.329+03:00  INFO 57079 --- [    Test worker] c.e.f.FlightSearchApiApplicationTests    : No active profile set, falling back to 1 default profile: "default"
2024-02-08T14:36:19.075+03:00  INFO 57079 --- [    Test worker] .s.d.r.c.RepositoryConfigurationDelegate : Multiple Spring Data modules found, entering strict repository configuration mode
2024-02-08T14:36:19.076+03:00  INFO 57079 --- [    Test worker] .s.d.r.c.RepositoryConfigurationDelegate : Bootstrapping Spring Data MongoDB repositories in DEFAULT mode.
2024-02-08T14:36:19.145+03:00  INFO 57079 --- [    Test worker] .s.d.r.c.RepositoryConfigurationDelegate : Finished Spring Data repository scanning in 63 ms. Found 2 MongoDB repository interfaces.
2024-02-08T14:36:19.698+03:00  INFO 57079 --- [    Test worker] org.mongodb.driver.client                : MongoClient with metadata {"driver": {"name": "mongo-java-driver|sync|spring-boot", "version": "4.11.1"}, "os": {"type": "Darwin", "name": "Mac OS X", "architecture": "aarch64", "version": "13.3"}, "platform": "Java/Oracle Corporation/18.0.2.1+1-1"} created with settings MongoClientSettings{readPreference=primary, writeConcern=WriteConcern{w=null, wTimeout=null ms, journal=null}, retryWrites=true, retryReads=true, readConcern=ReadConcern{level=null}, credential=MongoCredential{mechanism=null, userName='eakkaya', source='admin', password=<hidden>, mechanismProperties=<hidden>}, transportSettings=null, streamFactoryFactory=null, commandListeners=[], codecRegistry=ProvidersCodecRegistry{codecProviders=[ValueCodecProvider{}, BsonValueCodecProvider{}, DBRefCodecProvider{}, DBObjectCodecProvider{}, DocumentCodecProvider{}, CollectionCodecProvider{}, IterableCodecProvider{}, MapCodecProvider{}, GeoJsonCodecProvider{}, GridFSFileCodecProvider{}, Jsr310CodecProvider{}, JsonObjectCodecProvider{}, BsonCodecProvider{}, EnumCodecProvider{}, com.mongodb.client.model.mql.ExpressionCodecProvider@7126e26, com.mongodb.Jep395RecordCodecProvider@151ab2b9, com.mongodb.KotlinCodecProvider@13ed066e]}, loggerSettings=LoggerSettings{maxDocumentLength=1000}, clusterSettings={hosts=[127.0.0.1:27017], srvHost=flightsearchapi.i5enmzd.mongodb.net, srvServiceName=mongodb, mode=MULTIPLE, requiredClusterType=REPLICA_SET, requiredReplicaSetName='atlas-v6a4af-shard-0', serverSelector='null', clusterListeners='[]', serverSelectionTimeout='30000 ms', localThreshold='15 ms'}, socketSettings=SocketSettings{connectTimeoutMS=10000, readTimeoutMS=0, receiveBufferSize=0, proxySettings=ProxySettings{host=null, port=null, username=null, password=null}}, heartbeatSocketSettings=SocketSettings{connectTimeoutMS=10000, readTimeoutMS=10000, receiveBufferSize=0, proxySettings=ProxySettings{host=null, port=null, username=null, password=null}}, connectionPoolSettings=ConnectionPoolSettings{maxSize=100, minSize=0, maxWaitTimeMS=120000, maxConnectionLifeTimeMS=0, maxConnectionIdleTimeMS=0, maintenanceInitialDelayMS=0, maintenanceFrequencyMS=60000, connectionPoolListeners=[], maxConnecting=2}, serverSettings=ServerSettings{heartbeatFrequencyMS=10000, minHeartbeatFrequencyMS=500, serverListeners='[]', serverMonitorListeners='[]'}, sslSettings=SslSettings{enabled=true, invalidHostNameAllowed=false, context=null}, applicationName='null', compressorList=[], uuidRepresentation=JAVA_LEGACY, serverApi=null, autoEncryptionSettings=null, dnsClient=null, inetAddressResolver=null, contextProvider=null}
2024-02-08T14:36:19.714+03:00  INFO 57079 --- [mzd.mongodb.net] org.mongodb.driver.cluster               : Adding discovered server ac-2oswenn-shard-00-02.i5enmzd.mongodb.net:27017 to client view of cluster
2024-02-08T14:36:19.751+03:00  INFO 57079 --- [mzd.mongodb.net] org.mongodb.driver.cluster               : Adding discovered server ac-2oswenn-shard-00-00.i5enmzd.mongodb.net:27017 to client view of cluster
2024-02-08T14:36:19.756+03:00  INFO 57079 --- [mzd.mongodb.net] org.mongodb.driver.cluster               : Adding discovered server ac-2oswenn-shard-00-01.i5enmzd.mongodb.net:27017 to client view of cluster
2024-02-08T14:36:20.663+03:00  INFO 57079 --- [ngodb.net:27017] org.mongodb.driver.cluster               : Monitor thread successfully connected to server with description ServerDescription{address=ac-2oswenn-shard-00-00.i5enmzd.mongodb.net:27017, type=REPLICA_SET_SECONDARY, state=CONNECTED, ok=true, minWireVersion=0, maxWireVersion=17, maxDocumentSize=16777216, logicalSessionTimeoutMinutes=30, roundTripTimeNanos=531086750, setName='atlas-v6a4af-shard-0', canonicalAddress=ac-2oswenn-shard-00-00.i5enmzd.mongodb.net:27017, hosts=[ac-2oswenn-shard-00-01.i5enmzd.mongodb.net:27017, ac-2oswenn-shard-00-02.i5enmzd.mongodb.net:27017, ac-2oswenn-shard-00-00.i5enmzd.mongodb.net:27017], passives=[], arbiters=[], primary='ac-2oswenn-shard-00-02.i5enmzd.mongodb.net:27017', tagSet=TagSet{[Tag{name='availabilityZone', value='mes1-az1'}, Tag{name='diskState', value='READY'}, Tag{name='nodeType', value='ELECTABLE'}, Tag{name='provider', value='AWS'}, Tag{name='region', value='ME_SOUTH_1'}, Tag{name='workloadType', value='OPERATIONAL'}]}, electionId=null, setVersion=2, topologyVersion=TopologyVersion{processId=65b93be324b60d4414ca93f8, counter=4}, lastWriteDate=Thu Feb 08 14:36:20 TRT 2024, lastUpdateTimeNanos=479005557775250}
2024-02-08T14:36:20.666+03:00  INFO 57079 --- [ngodb.net:27017] org.mongodb.driver.cluster               : Monitor thread successfully connected to server with description ServerDescription{address=ac-2oswenn-shard-00-01.i5enmzd.mongodb.net:27017, type=REPLICA_SET_SECONDARY, state=CONNECTED, ok=true, minWireVersion=0, maxWireVersion=17, maxDocumentSize=16777216, logicalSessionTimeoutMinutes=30, roundTripTimeNanos=531315292, setName='atlas-v6a4af-shard-0', canonicalAddress=ac-2oswenn-shard-00-01.i5enmzd.mongodb.net:27017, hosts=[ac-2oswenn-shard-00-01.i5enmzd.mongodb.net:27017, ac-2oswenn-shard-00-02.i5enmzd.mongodb.net:27017, ac-2oswenn-shard-00-00.i5enmzd.mongodb.net:27017], passives=[], arbiters=[], primary='ac-2oswenn-shard-00-02.i5enmzd.mongodb.net:27017', tagSet=TagSet{[Tag{name='availabilityZone', value='mes1-az2'}, Tag{name='diskState', value='READY'}, Tag{name='nodeType', value='ELECTABLE'}, Tag{name='provider', value='AWS'}, Tag{name='region', value='ME_SOUTH_1'}, Tag{name='workloadType', value='OPERATIONAL'}]}, electionId=null, setVersion=2, topologyVersion=TopologyVersion{processId=65b94058d3018430d81fcc4e, counter=3}, lastWriteDate=Thu Feb 08 14:36:20 TRT 2024, lastUpdateTimeNanos=479005557953541}
2024-02-08T14:36:20.670+03:00  INFO 57079 --- [ngodb.net:27017] org.mongodb.driver.cluster               : Monitor thread successfully connected to server with description ServerDescription{address=ac-2oswenn-shard-00-02.i5enmzd.mongodb.net:27017, type=REPLICA_SET_PRIMARY, state=CONNECTED, ok=true, minWireVersion=0, maxWireVersion=17, maxDocumentSize=16777216, logicalSessionTimeoutMinutes=30, roundTripTimeNanos=541488584, setName='atlas-v6a4af-shard-0', canonicalAddress=ac-2oswenn-shard-00-02.i5enmzd.mongodb.net:27017, hosts=[ac-2oswenn-shard-00-01.i5enmzd.mongodb.net:27017, ac-2oswenn-shard-00-02.i5enmzd.mongodb.net:27017, ac-2oswenn-shard-00-00.i5enmzd.mongodb.net:27017], passives=[], arbiters=[], primary='ac-2oswenn-shard-00-02.i5enmzd.mongodb.net:27017', tagSet=TagSet{[Tag{name='availabilityZone', value='mes1-az3'}, Tag{name='diskState', value='READY'}, Tag{name='nodeType', value='ELECTABLE'}, Tag{name='provider', value='AWS'}, Tag{name='region', value='ME_SOUTH_1'}, Tag{name='workloadType', value='OPERATIONAL'}]}, electionId=7fffffff0000000000000008, setVersion=2, topologyVersion=TopologyVersion{processId=65b93e63e3c64426280386ba, counter=6}, lastWriteDate=Thu Feb 08 14:36:20 TRT 2024, lastUpdateTimeNanos=479005568126875}
2024-02-08T14:36:20.672+03:00  INFO 57079 --- [ngodb.net:27017] org.mongodb.driver.cluster               : Discovered replica set primary ac-2oswenn-shard-00-02.i5enmzd.mongodb.net:27017 with max election id 7fffffff0000000000000008 and max set version 2
2024-02-08T14:36:20.958+03:00  INFO 57079 --- [    Test worker] o.s.s.web.DefaultSecurityFilterChain     : Will secure any request with [org.springframework.security.web.session.DisableEncodeUrlFilter@8ac512e, org.springframework.security.web.context.request.async.WebAsyncManagerIntegrationFilter@4bbc21bd, org.springframework.security.web.context.SecurityContextHolderFilter@a357c3e, org.springframework.security.web.header.HeaderWriterFilter@7ea07516, org.springframework.web.filter.CorsFilter@14e3d439, org.springframework.security.web.authentication.logout.LogoutFilter@74fc3fc7, org.springframework.security.web.authentication.www.BasicAuthenticationFilter@5fa0141f, org.springframework.security.web.savedrequest.RequestCacheAwareFilter@3eb9c575, org.springframework.security.web.servletapi.SecurityContextHolderAwareRequestFilter@3f322610, org.springframework.security.web.authentication.AnonymousAuthenticationFilter@d85b399, org.springframework.security.web.access.ExceptionTranslationFilter@50bf795f, org.springframework.security.web.access.intercept.AuthorizationFilter@17354708]
2024-02-08T14:36:21.312+03:00  INFO 57079 --- [    Test worker] c.e.f.FlightSearchApiApplicationTests    : Started FlightSearchApiApplicationTests in 3.197 seconds (process running for 4.546)
]]></system-out>
  <system-err><![CDATA[]]></system-err>
</testsuite>
